Using pre-set license
Built from '2020.3/release' branch; Version is '2020.3.15f2 (6cf78cb77498) revision 7141260'; Using compiler version '192528614'; Build Type 'Release'
OS: 'Windows 10 Home Single Language; OS build 19042.1237; Version 2009; 64bit' Language: 'en' Physical Memory: 16149 MB
BatchMode: 1, IsHumanControllingUs: 0, StartBugReporterOnCrash: 0, Is64bit: 1, IsPro: 0

 COMMAND LINE ARGUMENTS:
C:\Program Files\Unity\Hub\Editor\2020.3.15f2\Editor\Unity.exe
-adb2
-batchMode
-noUpm
-name
AssetImportWorker0
-projectPath
D:/SpaceShooter
-logFile
Logs/AssetImportWorker0.log
-srvPort
57155
Successfully changed project path to: D:/SpaceShooter
D:/SpaceShooter
Using Asset Import Pipeline V2.
Refreshing native plugins compatible for Editor in 96.99 ms, found 2 plugins.
Preloading 0 native plugins for Editor in 0.00 ms.
Initialize engine version: 2020.3.15f2 (6cf78cb77498)
[Subsystems] Discovering subsystems at path C:/Program Files/Unity/Hub/Editor/2020.3.15f2/Editor/Data/Resources/UnitySubsystems
[Subsystems] Discovering subsystems at path D:/SpaceShooter/Assets
GfxDevice: creating device client; threaded=0
Direct3D:
    Version:  Direct3D 11.0 [level 11.1]
    Renderer: NVIDIA GeForce MX450 (ID=0x1f97)
    Vendor:   
    VRAM:     1928 MB
    Driver:   27.21.14.6280
Initialize mono
Mono path[0] = 'C:/Program Files/Unity/Hub/Editor/2020.3.15f2/Editor/Data/Managed'
Mono path[1] = 'C:/Program Files/Unity/Hub/Editor/2020.3.15f2/Editor/Data/MonoBleedingEdge/lib/mono/unityjit'
Mono config path = 'C:/Program Files/Unity/Hub/Editor/2020.3.15f2/Editor/Data/MonoBleedingEdge/etc'
Using monoOptions --debugger-agent=transport=dt_socket,embedding=1,server=y,suspend=n,address=127.0.0.1:56260
Begin MonoManager ReloadAssembly
Registering precompiled unity dll's ...
Register platform support module: C:/Program Files/Unity/Hub/Editor/2020.3.15f2/Editor/Data/PlaybackEngines/WindowsStandaloneSupport/UnityEditor.WindowsStandalone.Extensions.dll
Registered in 0.007160 seconds.
Native extension for WindowsStandalone target not found
Refreshing native plugins compatible for Editor in 97.18 ms, found 2 plugins.
Preloading 0 native plugins for Editor in 0.00 ms.
Mono: successfully reloaded assembly
- Completed reload, in  6.134 seconds
Domain Reload Profiling:
	ReloadAssembly (6135ms)
		BeginReloadAssembly (172ms)
			ExecutionOrderSort (0ms)
			DisableScriptedObjects (0ms)
			BackupInstance (0ms)
			ReleaseScriptingObjects (0ms)
			CreateAndSetChildDomain (2ms)
		EndReloadAssembly (1259ms)
			LoadAssemblies (166ms)
			RebuildTransferFunctionScriptingTraits (0ms)
			SetupTypeCache (496ms)
			ReleaseScriptCaches (0ms)
			RebuildScriptCaches (86ms)
			SetupLoadedEditorAssemblies (446ms)
				LogAssemblyErrors (0ms)
				InitializePlatformSupportModulesInManaged (12ms)
				SetLoadedEditorAssemblies (1ms)
				RefreshPlugins (97ms)
				BeforeProcessingInitializeOnLoad (19ms)
				ProcessInitializeOnLoadAttributes (233ms)
				ProcessInitializeOnLoadMethodAttributes (83ms)
				AfterProcessingInitializeOnLoad (0ms)
				EditorAssembliesLoaded (1ms)
			ExecutionOrderSort2 (0ms)
			AwakeInstancesAfterBackupRestoration (0ms)
Platform modules already initialized, skipping
Registering precompiled user dll's ...
Registered in 0.009956 seconds.
Begin MonoManager ReloadAssembly
Native extension for WindowsStandalone target not found
Refreshing native plugins compatible for Editor in 0.81 ms, found 2 plugins.
Preloading 0 native plugins for Editor in 0.00 ms.
Mono: successfully reloaded assembly
- Completed reload, in  3.244 seconds
Domain Reload Profiling:
	ReloadAssembly (3247ms)
		BeginReloadAssembly (437ms)
			ExecutionOrderSort (0ms)
			DisableScriptedObjects (13ms)
			BackupInstance (0ms)
			ReleaseScriptingObjects (0ms)
			CreateAndSetChildDomain (49ms)
		EndReloadAssembly (2612ms)
			LoadAssemblies (256ms)
			RebuildTransferFunctionScriptingTraits (0ms)
			SetupTypeCache (802ms)
			ReleaseScriptCaches (1ms)
			RebuildScriptCaches (120ms)
			SetupLoadedEditorAssemblies (1161ms)
				LogAssemblyErrors (0ms)
				InitializePlatformSupportModulesInManaged (16ms)
				SetLoadedEditorAssemblies (1ms)
				RefreshPlugins (1ms)
				BeforeProcessingInitializeOnLoad (156ms)
				ProcessInitializeOnLoadAttributes (952ms)
				ProcessInitializeOnLoadMethodAttributes (13ms)
				AfterProcessingInitializeOnLoad (21ms)
				EditorAssembliesLoaded (1ms)
			ExecutionOrderSort2 (0ms)
			AwakeInstancesAfterBackupRestoration (18ms)
Platform modules already initialized, skipping
========================================================================
Worker process is ready to serve import requests
Launched and connected shader compiler UnityShaderCompiler.exe after 0.13 seconds
Refreshing native plugins compatible for Editor in 0.39 ms, found 2 plugins.
Preloading 0 native plugins for Editor in 0.00 ms.
Unloading 1408 Unused Serialized files (Serialized files now loaded: 0)
System memory in use before: 65.3 MB.
System memory in use after: 65.4 MB.

Unloading 18 unused Assets to reduce memory usage. Loaded Objects now: 1843.
Total: 2.618000 ms (FindLiveObjects: 0.147200 ms CreateObjectMapping: 0.043200 ms MarkObjects: 2.321200 ms  DeleteObjects: 0.104600 ms)

AssetImportParameters requested are different than current active one (requested -> active):
  custom:framework-win-MediaFoundation: 216162199b28c13a410421893ffa2e32 -> 
  custom:video-decoder-ogg-theora: a1e56fd34408186e4bbccfd4996cb3dc -> 
  custom:container-muxer-webm: aa71ff27fc2769a1b78a27578f13a17b -> 
  custom:container-demuxer-webm: 4f35f7cbe854078d1ac9338744f61a02 -> 
  custom:container-demuxer-ogg: 62fdf1f143b41e24485cea50d1cbac27 -> 
  custom:video-encoder-webm-vp8: eb34c28f22e8b96e1ab97ce403110664 -> 
  custom:video-codec-MediaFoundation-h265: 746d11721c4dcdbdad8f713fa42b33f4 -> 
  custom:video-decoder-webm-vp8: 9c59270c3fd7afecdb556c50c9e8de78 -> 
  custom:audio-decoder-ogg-vorbis: bf7c407c2cedff20999df2af8eb42d56 -> 
  custom:audio-encoder-webm-vorbis: bf7c407c2cedff20999df2af8eb42d56 -> 
========================================================================
Received Import Request.
  path: Assets/Scenes/Game.unity
  artifactKey: Guid(9fc0d4010bbf28b4594072e72b8655ab) Importer(815301076,1909f56bfc062723c751e8b465ee728b)
Start importing Assets/Scenes/Game.unity using Guid(9fc0d4010bbf28b4594072e72b8655ab) Importer(815301076,1909f56bfc062723c751e8b465ee728b)  -> (artifact id: 'ca416a565cf4f05f3bfa8ca0336225f7') in 0.016137 seconds 
  Import took 0.019758 seconds .

========================================================================
Received Import Request.
  Time since last request: 16.954416 seconds.
  path: Assets/Scenes/Menu.unity
  artifactKey: Guid(6eba281104d79974583e59119f05944d) Importer(815301076,1909f56bfc062723c751e8b465ee728b)
Start importing Assets/Scenes/Menu.unity using Guid(6eba281104d79974583e59119f05944d) Importer(815301076,1909f56bfc062723c751e8b465ee728b)  -> (artifact id: 'cec6f3f14435937f7ae07b4c369036c6') in 0.005601 seconds 
  Import took 0.012488 seconds .

========================================================================
Received Import Request.
  Time since last request: 278.447874 seconds.
  path: Assets/Assets/Materials/Coin.mat
  artifactKey: Guid(d7898abf62ef5c04896bc5ee957ccb5a) Importer(815301076,1909f56bfc062723c751e8b465ee728b)
Start importing Assets/Assets/Materials/Coin.mat using Guid(d7898abf62ef5c04896bc5ee957ccb5a) Importer(815301076,1909f56bfc062723c751e8b465ee728b)  -> (artifact id: '6635c33d1889db132713cb9a250ccbc1') in 0.300600 seconds 
  Import took 0.309437 seconds .

========================================================================
Received Import Request.
  Time since last request: 0.000692 seconds.
  path: Assets/Assets/Materials/Enemyship.mat
  artifactKey: Guid(4e150fd40de351b478e7aa88fa74a2a6) Importer(815301076,1909f56bfc062723c751e8b465ee728b)
Start importing Assets/Assets/Materials/Enemyship.mat using Guid(4e150fd40de351b478e7aa88fa74a2a6) Importer(815301076,1909f56bfc062723c751e8b465ee728b)  -> (artifact id: 'c206a84acecadcaa2c924918c9a6cf8e') in 0.024716 seconds 
  Import took 0.031792 seconds .

========================================================================
Received Import Request.
  Time since last request: 0.000509 seconds.
  path: Assets/Assets/Materials/Playership.mat
  artifactKey: Guid(fe3d1f71a996f4d48872e58246f6fa01) Importer(815301076,1909f56bfc062723c751e8b465ee728b)
Start importing Assets/Assets/Materials/Playership.mat using Guid(fe3d1f71a996f4d48872e58246f6fa01) Importer(815301076,1909f56bfc062723c751e8b465ee728b)  -> (artifact id: '5124e145a1389af1616b4349b6afec0c') in 0.023090 seconds 
  Import took 0.029381 seconds .

========================================================================
Received Import Request.
  Time since last request: 107.099312 seconds.
  path: Assets/Assets/Scripts/Enemy.cs
  artifactKey: Guid(efecc788c23d44d4bb0d05f6bbf041bf) Importer(815301076,1909f56bfc062723c751e8b465ee728b)
Start importing Assets/Assets/Scripts/Enemy.cs using Guid(efecc788c23d44d4bb0d05f6bbf041bf) Importer(815301076,1909f56bfc062723c751e8b465ee728b)  -> (artifact id: '445b007457277b55cded84692228d458') in 0.017571 seconds 
  Import took 0.023723 seconds .

========================================================================
Received Import Request.
  Time since last request: 0.002867 seconds.
  path: Assets/Assets/Scripts/Enemy.cs
  artifactKey: Guid(efecc788c23d44d4bb0d05f6bbf041bf) Importer(815301076,1909f56bfc062723c751e8b465ee728b)
Start importing Assets/Assets/Scripts/Enemy.cs using Guid(efecc788c23d44d4bb0d05f6bbf041bf) Importer(815301076,1909f56bfc062723c751e8b465ee728b)  -> (artifact id: '445b007457277b55cded84692228d458') in 0.002936 seconds 
  Import took 0.008715 seconds .

========================================================================
Received Import Request.
  Time since last request: 1.094791 seconds.
  path: Assets/Assets/Scripts/Blaster.cs
  artifactKey: Guid(97ed5f20de990dd4bae53b2da99971f0) Importer(815301076,1909f56bfc062723c751e8b465ee728b)
Start importing Assets/Assets/Scripts/Blaster.cs using Guid(97ed5f20de990dd4bae53b2da99971f0) Importer(815301076,1909f56bfc062723c751e8b465ee728b)  -> (artifact id: 'aa92ea914f49b050b79379c6fa7c9a81') in 0.007282 seconds 
  Import took 0.013179 seconds .

========================================================================
Received Import Request.
  Time since last request: 1.759686 seconds.
  path: Assets/Assets/Scripts/PlayerMovement.cs
  artifactKey: Guid(304886c835ce96d43bb7f58609d259ac) Importer(815301076,1909f56bfc062723c751e8b465ee728b)
Start importing Assets/Assets/Scripts/PlayerMovement.cs using Guid(304886c835ce96d43bb7f58609d259ac) Importer(815301076,1909f56bfc062723c751e8b465ee728b)  -> (artifact id: '3a6db6bda84c23e23b56e8ec8501ff93') in 0.004830 seconds 
  Import took 0.010829 seconds .

========================================================================
Received Import Request.
  Time since last request: 5.149205 seconds.
  path: Assets/Assets/Scripts/Destroyer.cs
  artifactKey: Guid(48f22417c27dacb4eb7d9a127bdfb8c6) Importer(815301076,1909f56bfc062723c751e8b465ee728b)
Start importing Assets/Assets/Scripts/Destroyer.cs using Guid(48f22417c27dacb4eb7d9a127bdfb8c6) Importer(815301076,1909f56bfc062723c751e8b465ee728b)  -> (artifact id: 'b3cfc8e0d282c90abe3b3e645c40d024') in 0.006424 seconds 
  Import took 0.013037 seconds .

========================================================================
Received Import Request.
  Time since last request: 56.106876 seconds.
  path: Assets/Assets/Scripts/Collectible.cs
  artifactKey: Guid(99c3b9719351982468a57f15033cbd50) Importer(815301076,1909f56bfc062723c751e8b465ee728b)
Start importing Assets/Assets/Scripts/Collectible.cs using Guid(99c3b9719351982468a57f15033cbd50) Importer(815301076,1909f56bfc062723c751e8b465ee728b)  -> (artifact id: '2e590c31ed990092a5077950d0c784d7') in 0.006235 seconds 
  Import took 0.013589 seconds .

AssetImportWorkerClient::OnTransportError - code=2 error=End of file
